<?xml version="1.0" encoding="UTF-8"?>
<coverage generated="1734290542381" clover="3.2.0">
  <project timestamp="1734290542381" name="All files">
    <metrics statements="49" coveredstatements="39" conditionals="18" coveredconditionals="12" methods="11" coveredmethods="10" elements="78" coveredelements="61" complexity="0" loc="49" ncloc="49" packages="1" files="3" classes="3"/>
    <file name="about.ts" path="C:\lesson_13\src\about.ts">
      <metrics statements="6" coveredstatements="6" conditionals="0" coveredconditionals="0" methods="2" coveredmethods="2"/>
      <line num="2" count="1" type="stmt"/>
      <line num="4" count="1" type="stmt"/>
      <line num="6" count="2" type="stmt"/>
      <line num="10" count="2" type="stmt"/>
      <line num="11" count="1" type="stmt"/>
      <line num="16" count="1" type="stmt"/>
    </file>
    <file name="router.ts" path="C:\lesson_13\src\router.ts">
      <metrics statements="40" coveredstatements="30" conditionals="18" coveredconditionals="12" methods="9" coveredmethods="8"/>
      <line num="18" count="10" type="stmt"/>
      <line num="20" count="10" type="stmt"/>
      <line num="23" count="10" type="stmt"/>
      <line num="27" count="9" type="stmt"/>
      <line num="31" count="11" type="stmt"/>
      <line num="32" count="10" type="stmt"/>
      <line num="34" count="11" type="cond" truecount="1" falsecount="0"/>
      <line num="35" count="3" type="stmt"/>
      <line num="36" count="3" type="stmt"/>
      <line num="39" count="8" type="stmt"/>
      <line num="42" count="8" type="cond" truecount="3" falsecount="0"/>
      <line num="43" count="1" type="stmt"/>
      <line num="47" count="8" type="cond" truecount="1" falsecount="0"/>
      <line num="48" count="1" type="stmt"/>
      <line num="52" count="8" type="stmt"/>
      <line num="55" count="8" type="stmt"/>
      <line num="58" count="8" type="stmt"/>
      <line num="65" count="10" type="cond" truecount="2" falsecount="0"/>
      <line num="66" count="9" type="stmt"/>
      <line num="67" count="1" type="cond" truecount="1" falsecount="1"/>
      <line num="68" count="1" type="stmt"/>
      <line num="69" count="0" type="cond" truecount="0" falsecount="1"/>
      <line num="70" count="0" type="stmt"/>
      <line num="72" count="0" type="stmt"/>
      <line num="76" count="2" type="cond" truecount="1" falsecount="1"/>
      <line num="77" count="2" type="cond" truecount="2" falsecount="0"/>
      <line num="78" count="2" type="stmt"/>
      <line num="79" count="1" type="stmt"/>
      <line num="80" count="1" type="stmt"/>
      <line num="82" count="2" type="stmt"/>
      <line num="83" count="0" type="cond" truecount="0" falsecount="1"/>
      <line num="84" count="0" type="stmt"/>
      <line num="85" count="0" type="stmt"/>
      <line num="87" count="0" type="stmt"/>
      <line num="92" count="8" type="cond" truecount="1" falsecount="1"/>
      <line num="93" count="8" type="stmt"/>
      <line num="94" count="0" type="cond" truecount="0" falsecount="1"/>
      <line num="95" count="0" type="stmt"/>
      <line num="96" count="0" type="stmt"/>
      <line num="101" count="2" type="stmt"/>
    </file>
    <file name="routerInstance.ts" path="C:\lesson_13\src\routerInstance.ts">
      <metrics statements="3" coveredstatements="3" conditionals="0" coveredconditionals="0" methods="0" coveredmethods="0"/>
      <line num="2" count="1" type="stmt"/>
      <line num="4" count="1" type="stmt"/>
      <line num="6" count="1" type="stmt"/>
    </file>
  </project>
</coverage>
