{
  "C:\\lesson_13\\src\\about.ts": {
    "path": "C:\\lesson_13\\src\\about.ts",
    "statementMap": {
      "0": {
        "start": { "line": 2, "column": 0 },
        "end": { "line": 2, "column": 38 }
      },
      "1": {
        "start": { "line": 4, "column": 19 },
        "end": { "line": 14, "column": 2 }
      },
      "2": {
        "start": { "line": 6, "column": 4 },
        "end": { "line": 9, "column": 10 }
      },
      "3": {
        "start": { "line": 10, "column": 4 },
        "end": { "line": 12, "column": 7 }
      },
      "4": {
        "start": { "line": 11, "column": 6 },
        "end": { "line": 11, "column": 27 }
      },
      "5": {
        "start": { "line": 16, "column": 0 },
        "end": { "line": 16, "column": 26 }
      }
    },
    "fnMap": {
      "0": {
        "name": "(anonymous_1)",
        "decl": {
          "start": { "line": 5, "column": 11 },
          "end": { "line": 5, "column": 14 }
        },
        "loc": {
          "start": { "line": 5, "column": 16 },
          "end": { "line": 13, "column": 3 }
        }
      },
      "1": {
        "name": "(anonymous_2)",
        "decl": {
          "start": { "line": 10, "column": 66 },
          "end": { "line": 10, "column": 69 }
        },
        "loc": {
          "start": { "line": 10, "column": 71 },
          "end": { "line": 12, "column": 5 }
        }
      }
    },
    "branchMap": {},
    "s": { "0": 1, "1": 1, "2": 2, "3": 2, "4": 1, "5": 1 },
    "f": { "0": 2, "1": 1 },
    "b": {}
  },
  "C:\\lesson_13\\src\\router.ts": {
    "path": "C:\\lesson_13\\src\\router.ts",
    "statementMap": {
      "0": {
        "start": { "line": 18, "column": 10 },
        "end": { "line": 18, "column": 37 }
      },
      "1": {
        "start": { "line": 20, "column": 10 },
        "end": { "line": 20, "column": 44 }
      },
      "2": {
        "start": { "line": 23, "column": 4 },
        "end": { "line": 23, "column": 29 }
      },
      "3": {
        "start": { "line": 27, "column": 4 },
        "end": { "line": 27, "column": 38 }
      },
      "4": {
        "start": { "line": 31, "column": 24 },
        "end": { "line": 32, "column": null }
      },
      "5": {
        "start": { "line": 32, "column": 6 },
        "end": { "line": 32, "column": 38 }
      },
      "6": {
        "start": { "line": 34, "column": 4 },
        "end": { "line": 37, "column": 5 }
      },
      "7": {
        "start": { "line": 35, "column": 6 },
        "end": { "line": 35, "column": 48 }
      },
      "8": {
        "start": { "line": 36, "column": 6 },
        "end": { "line": 36, "column": 13 }
      },
      "9": {
        "start": { "line": 39, "column": 22 },
        "end": { "line": 39, "column": 33 }
      },
      "10": {
        "start": { "line": 42, "column": 4 },
        "end": { "line": 44, "column": 5 }
      },
      "11": {
        "start": { "line": 43, "column": 6 },
        "end": { "line": 43, "column": 40 }
      },
      "12": {
        "start": { "line": 47, "column": 4 },
        "end": { "line": 49, "column": 5 }
      },
      "13": {
        "start": { "line": 48, "column": 6 },
        "end": { "line": 48, "column": 34 }
      },
      "14": {
        "start": { "line": 52, "column": 4 },
        "end": { "line": 52, "column": 30 }
      },
      "15": {
        "start": { "line": 55, "column": 4 },
        "end": { "line": 55, "column": 26 }
      },
      "16": {
        "start": { "line": 58, "column": 4 },
        "end": { "line": 58, "column": 20 }
      },
      "17": {
        "start": { "line": 65, "column": 4 },
        "end": { "line": 71, "column": 5 }
      },
      "18": {
        "start": { "line": 66, "column": 6 },
        "end": { "line": 66, "column": 32 }
      },
      "19": {
        "start": { "line": 67, "column": 11 },
        "end": { "line": 71, "column": 5 }
      },
      "20": {
        "start": { "line": 68, "column": 6 },
        "end": { "line": 68, "column": 34 }
      },
      "21": {
        "start": { "line": 69, "column": 11 },
        "end": { "line": 71, "column": 5 }
      },
      "22": {
        "start": { "line": 70, "column": 6 },
        "end": { "line": 70, "column": 29 }
      },
      "23": {
        "start": { "line": 72, "column": 4 },
        "end": { "line": 72, "column": 17 }
      },
      "24": {
        "start": { "line": 76, "column": 4 },
        "end": { "line": 88, "column": 5 }
      },
      "25": {
        "start": { "line": 77, "column": 19 },
        "end": { "line": 77, "column": 63 }
      },
      "26": {
        "start": { "line": 78, "column": 6 },
        "end": { "line": 81, "column": 9 }
      },
      "27": {
        "start": { "line": 79, "column": 24 },
        "end": { "line": 79, "column": 61 }
      },
      "28": {
        "start": { "line": 80, "column": 8 },
        "end": { "line": 80, "column": 31 }
      },
      "29": {
        "start": { "line": 82, "column": 6 },
        "end": { "line": 82, "column": 26 }
      },
      "30": {
        "start": { "line": 83, "column": 11 },
        "end": { "line": 88, "column": 5 }
      },
      "31": {
        "start": { "line": 84, "column": 6 },
        "end": { "line": 86, "column": 9 }
      },
      "32": {
        "start": { "line": 85, "column": 8 },
        "end": { "line": 85, "column": 48 }
      },
      "33": {
        "start": { "line": 87, "column": 6 },
        "end": { "line": 87, "column": 46 }
      },
      "34": {
        "start": { "line": 92, "column": 4 },
        "end": { "line": 97, "column": 5 }
      },
      "35": {
        "start": { "line": 93, "column": 6 },
        "end": { "line": 93, "column": 34 }
      },
      "36": {
        "start": { "line": 94, "column": 11 },
        "end": { "line": 97, "column": 5 }
      },
      "37": {
        "start": { "line": 95, "column": 6 },
        "end": { "line": 95, "column": 45 }
      },
      "38": {
        "start": { "line": 96, "column": 6 },
        "end": { "line": 96, "column": 26 }
      },
      "39": {
        "start": { "line": 101, "column": 0 },
        "end": { "line": 101, "column": 22 }
      }
    },
    "fnMap": {
      "0": {
        "name": "(anonymous_7)",
        "decl": {
          "start": { "line": 22, "column": 2 },
          "end": { "line": 22, "column": 14 }
        },
        "loc": {
          "start": { "line": 22, "column": 51 },
          "end": { "line": 24, "column": 3 }
        }
      },
      "1": {
        "name": "(anonymous_8)",
        "decl": {
          "start": { "line": 26, "column": 2 },
          "end": { "line": 26, "column": 10 }
        },
        "loc": {
          "start": { "line": 26, "column": 76 },
          "end": { "line": 28, "column": 3 }
        }
      },
      "2": {
        "name": "(anonymous_9)",
        "decl": {
          "start": { "line": 30, "column": 8 },
          "end": { "line": 30, "column": 16 }
        },
        "loc": {
          "start": { "line": 30, "column": 29 },
          "end": { "line": 59, "column": null }
        }
      },
      "3": {
        "name": "(anonymous_11)",
        "decl": {
          "start": { "line": 31, "column": 41 },
          "end": { "line": 31, "column": 42 }
        },
        "loc": {
          "start": { "line": 32, "column": 6 },
          "end": { "line": 32, "column": 38 }
        }
      },
      "4": {
        "name": "(anonymous_12)",
        "decl": {
          "start": { "line": 61, "column": 2 },
          "end": { "line": 61, "column": 12 }
        },
        "loc": {
          "start": { "line": 63, "column": 16 },
          "end": { "line": 73, "column": 3 }
        }
      },
      "5": {
        "name": "(anonymous_13)",
        "decl": {
          "start": { "line": 75, "column": 2 },
          "end": { "line": 75, "column": 6 }
        },
        "loc": {
          "start": { "line": 75, "column": 6 },
          "end": { "line": 89, "column": 3 }
        }
      },
      "6": {
        "name": "(anonymous_14)",
        "decl": {
          "start": { "line": 78, "column": 44 },
          "end": { "line": 78, "column": 47 }
        },
        "loc": {
          "start": { "line": 78, "column": 49 },
          "end": { "line": 81, "column": 7 }
        }
      },
      "7": {
        "name": "(anonymous_15)",
        "decl": {
          "start": { "line": 84, "column": 42 },
          "end": { "line": 84, "column": 45 }
        },
        "loc": {
          "start": { "line": 84, "column": 47 },
          "end": { "line": 86, "column": 7 }
        }
      },
      "8": {
        "name": "(anonymous_16)",
        "decl": {
          "start": { "line": 91, "column": 2 },
          "end": { "line": 91, "column": 6 }
        },
        "loc": {
          "start": { "line": 91, "column": 19 },
          "end": { "line": 98, "column": 3 }
        }
      }
    },
    "branchMap": {
      "0": {
        "loc": {
          "start": { "line": 34, "column": 4 },
          "end": { "line": 37, "column": 5 }
        },
        "type": "if",
        "locations": [
          {
            "start": { "line": 34, "column": 4 },
            "end": { "line": 37, "column": 5 }
          }
        ]
      },
      "1": {
        "loc": {
          "start": { "line": 42, "column": 4 },
          "end": { "line": 44, "column": 5 }
        },
        "type": "if",
        "locations": [
          {
            "start": { "line": 42, "column": 4 },
            "end": { "line": 44, "column": 5 }
          }
        ]
      },
      "2": {
        "loc": {
          "start": { "line": 42, "column": 8 },
          "end": { "line": 42, "column": 54 }
        },
        "type": "binary-expr",
        "locations": [
          {
            "start": { "line": 42, "column": 8 },
            "end": { "line": 42, "column": 25 }
          },
          {
            "start": { "line": 42, "column": 29 },
            "end": { "line": 42, "column": 54 }
          }
        ]
      },
      "3": {
        "loc": {
          "start": { "line": 47, "column": 4 },
          "end": { "line": 49, "column": 5 }
        },
        "type": "if",
        "locations": [
          {
            "start": { "line": 47, "column": 4 },
            "end": { "line": 49, "column": 5 }
          }
        ]
      },
      "4": {
        "loc": {
          "start": { "line": 65, "column": 4 },
          "end": { "line": 71, "column": 5 }
        },
        "type": "if",
        "locations": [
          {
            "start": { "line": 65, "column": 4 },
            "end": { "line": 71, "column": 5 }
          },
          {
            "start": { "line": 67, "column": 11 },
            "end": { "line": 71, "column": 5 }
          }
        ]
      },
      "5": {
        "loc": {
          "start": { "line": 67, "column": 11 },
          "end": { "line": 71, "column": 5 }
        },
        "type": "if",
        "locations": [
          {
            "start": { "line": 67, "column": 11 },
            "end": { "line": 71, "column": 5 }
          },
          {
            "start": { "line": 69, "column": 11 },
            "end": { "line": 71, "column": 5 }
          }
        ]
      },
      "6": {
        "loc": {
          "start": { "line": 69, "column": 11 },
          "end": { "line": 71, "column": 5 }
        },
        "type": "if",
        "locations": [
          {
            "start": { "line": 69, "column": 11 },
            "end": { "line": 71, "column": 5 }
          }
        ]
      },
      "7": {
        "loc": {
          "start": { "line": 76, "column": 4 },
          "end": { "line": 88, "column": 5 }
        },
        "type": "if",
        "locations": [
          {
            "start": { "line": 76, "column": 4 },
            "end": { "line": 88, "column": 5 }
          },
          {
            "start": { "line": 83, "column": 11 },
            "end": { "line": 88, "column": 5 }
          }
        ]
      },
      "8": {
        "loc": {
          "start": { "line": 77, "column": 19 },
          "end": { "line": 77, "column": 63 }
        },
        "type": "binary-expr",
        "locations": [
          {
            "start": { "line": 77, "column": 19 },
            "end": { "line": 77, "column": 56 }
          },
          {
            "start": { "line": 77, "column": 60 },
            "end": { "line": 77, "column": 63 }
          }
        ]
      },
      "9": {
        "loc": {
          "start": { "line": 83, "column": 11 },
          "end": { "line": 88, "column": 5 }
        },
        "type": "if",
        "locations": [
          {
            "start": { "line": 83, "column": 11 },
            "end": { "line": 88, "column": 5 }
          }
        ]
      },
      "10": {
        "loc": {
          "start": { "line": 92, "column": 4 },
          "end": { "line": 97, "column": 5 }
        },
        "type": "if",
        "locations": [
          {
            "start": { "line": 92, "column": 4 },
            "end": { "line": 97, "column": 5 }
          },
          {
            "start": { "line": 94, "column": 11 },
            "end": { "line": 97, "column": 5 }
          }
        ]
      },
      "11": {
        "loc": {
          "start": { "line": 94, "column": 11 },
          "end": { "line": 97, "column": 5 }
        },
        "type": "if",
        "locations": [
          {
            "start": { "line": 94, "column": 11 },
            "end": { "line": 97, "column": 5 }
          }
        ]
      }
    },
    "s": {
      "0": 10,
      "1": 10,
      "2": 10,
      "3": 9,
      "4": 11,
      "5": 10,
      "6": 11,
      "7": 3,
      "8": 3,
      "9": 8,
      "10": 8,
      "11": 1,
      "12": 8,
      "13": 1,
      "14": 8,
      "15": 8,
      "16": 8,
      "17": 10,
      "18": 9,
      "19": 1,
      "20": 1,
      "21": 0,
      "22": 0,
      "23": 0,
      "24": 2,
      "25": 2,
      "26": 2,
      "27": 1,
      "28": 1,
      "29": 2,
      "30": 0,
      "31": 0,
      "32": 0,
      "33": 0,
      "34": 8,
      "35": 8,
      "36": 0,
      "37": 0,
      "38": 0,
      "39": 2
    },
    "f": {
      "0": 10,
      "1": 9,
      "2": 11,
      "3": 10,
      "4": 10,
      "5": 2,
      "6": 1,
      "7": 0,
      "8": 8
    },
    "b": {
      "0": [3],
      "1": [1],
      "2": [8, 1],
      "3": [1],
      "4": [9, 1],
      "5": [1, 0],
      "6": [0],
      "7": [2, 0],
      "8": [2, 1],
      "9": [0],
      "10": [8, 0],
      "11": [0]
    }
  },
  "C:\\lesson_13\\src\\routerInstance.ts": {
    "path": "C:\\lesson_13\\src\\routerInstance.ts",
    "statementMap": {
      "0": {
        "start": { "line": 2, "column": 0 },
        "end": { "line": 2, "column": 30 }
      },
      "1": {
        "start": { "line": 4, "column": 15 },
        "end": { "line": 4, "column": 43 }
      },
      "2": {
        "start": { "line": 6, "column": 0 },
        "end": { "line": 6, "column": 22 }
      }
    },
    "fnMap": {},
    "branchMap": {},
    "s": { "0": 1, "1": 1, "2": 1 },
    "f": {},
    "b": {}
  }
}
