{"C:\\lesson_13\\src\\about.ts": {"path":"C:\\lesson_13\\src\\about.ts","statementMap":{"0":{"start":{"line":2,"column":0},"end":{"line":2,"column":38}},"1":{"start":{"line":4,"column":19},"end":{"line":14,"column":2}},"2":{"start":{"line":6,"column":8},"end":{"line":9,"column":10}},"3":{"start":{"line":10,"column":8},"end":{"line":12,"column":11}},"4":{"start":{"line":11,"column":12},"end":{"line":11,"column":33}},"5":{"start":{"line":16,"column":0},"end":{"line":16,"column":26}}},"fnMap":{"0":{"name":"(anonymous_1)","decl":{"start":{"line":5,"column":13},"end":{"line":5,"column":16}},"loc":{"start":{"line":5,"column":18},"end":{"line":13,"column":5}}},"1":{"name":"(anonymous_2)","decl":{"start":{"line":10,"column":70},"end":{"line":10,"column":73}},"loc":{"start":{"line":10,"column":75},"end":{"line":12,"column":9}}}},"branchMap":{},"s":{"0":1,"1":1,"2":2,"3":2,"4":1,"5":1},"f":{"0":2,"1":1},"b":{}}
,"C:\\lesson_13\\src\\router.ts": {"path":"C:\\lesson_13\\src\\router.ts","statementMap":{"0":{"start":{"line":16,"column":12},"end":{"line":16,"column":39}},"1":{"start":{"line":18,"column":12},"end":{"line":18,"column":46}},"2":{"start":{"line":21,"column":8},"end":{"line":21,"column":33}},"3":{"start":{"line":25,"column":8},"end":{"line":25,"column":42}},"4":{"start":{"line":29,"column":28},"end":{"line":29,"column":103}},"5":{"start":{"line":29,"column":70},"end":{"line":29,"column":102}},"6":{"start":{"line":30,"column":8},"end":{"line":33,"column":9}},"7":{"start":{"line":31,"column":12},"end":{"line":31,"column":54}},"8":{"start":{"line":32,"column":12},"end":{"line":32,"column":19}},"9":{"start":{"line":35,"column":26},"end":{"line":35,"column":37}},"10":{"start":{"line":38,"column":8},"end":{"line":40,"column":9}},"11":{"start":{"line":39,"column":12},"end":{"line":39,"column":46}},"12":{"start":{"line":43,"column":8},"end":{"line":45,"column":9}},"13":{"start":{"line":44,"column":12},"end":{"line":44,"column":40}},"14":{"start":{"line":48,"column":8},"end":{"line":48,"column":34}},"15":{"start":{"line":51,"column":8},"end":{"line":51,"column":30}},"16":{"start":{"line":54,"column":8},"end":{"line":54,"column":24}},"17":{"start":{"line":59,"column":8},"end":{"line":65,"column":9}},"18":{"start":{"line":60,"column":12},"end":{"line":60,"column":38}},"19":{"start":{"line":61,"column":15},"end":{"line":65,"column":9}},"20":{"start":{"line":62,"column":12},"end":{"line":62,"column":40}},"21":{"start":{"line":63,"column":15},"end":{"line":65,"column":9}},"22":{"start":{"line":64,"column":12},"end":{"line":64,"column":35}},"23":{"start":{"line":66,"column":8},"end":{"line":66,"column":21}},"24":{"start":{"line":70,"column":8},"end":{"line":82,"column":9}},"25":{"start":{"line":71,"column":25},"end":{"line":71,"column":69}},"26":{"start":{"line":72,"column":12},"end":{"line":75,"column":15}},"27":{"start":{"line":73,"column":32},"end":{"line":73,"column":69}},"28":{"start":{"line":74,"column":16},"end":{"line":74,"column":39}},"29":{"start":{"line":76,"column":12},"end":{"line":76,"column":32}},"30":{"start":{"line":77,"column":15},"end":{"line":82,"column":9}},"31":{"start":{"line":78,"column":12},"end":{"line":80,"column":15}},"32":{"start":{"line":79,"column":16},"end":{"line":79,"column":56}},"33":{"start":{"line":81,"column":12},"end":{"line":81,"column":52}},"34":{"start":{"line":86,"column":8},"end":{"line":91,"column":9}},"35":{"start":{"line":87,"column":12},"end":{"line":87,"column":40}},"36":{"start":{"line":88,"column":15},"end":{"line":91,"column":9}},"37":{"start":{"line":89,"column":12},"end":{"line":89,"column":51}},"38":{"start":{"line":90,"column":12},"end":{"line":90,"column":32}},"39":{"start":{"line":95,"column":0},"end":{"line":95,"column":22}}},"fnMap":{"0":{"name":"(anonymous_7)","decl":{"start":{"line":20,"column":4},"end":{"line":20,"column":16}},"loc":{"start":{"line":20,"column":53},"end":{"line":22,"column":5}}},"1":{"name":"(anonymous_8)","decl":{"start":{"line":24,"column":4},"end":{"line":24,"column":12}},"loc":{"start":{"line":24,"column":78},"end":{"line":26,"column":5}}},"2":{"name":"(anonymous_9)","decl":{"start":{"line":28,"column":10},"end":{"line":28,"column":18}},"loc":{"start":{"line":28,"column":31},"end":{"line":55,"column":null}}},"3":{"name":"(anonymous_11)","decl":{"start":{"line":29,"column":45},"end":{"line":29,"column":46}},"loc":{"start":{"line":29,"column":70},"end":{"line":29,"column":102}}},"4":{"name":"(anonymous_12)","decl":{"start":{"line":58,"column":4},"end":{"line":58,"column":14}},"loc":{"start":{"line":58,"column":85},"end":{"line":67,"column":5}}},"5":{"name":"(anonymous_13)","decl":{"start":{"line":69,"column":4},"end":{"line":69,"column":8}},"loc":{"start":{"line":69,"column":8},"end":{"line":83,"column":5}}},"6":{"name":"(anonymous_14)","decl":{"start":{"line":72,"column":50},"end":{"line":72,"column":53}},"loc":{"start":{"line":72,"column":55},"end":{"line":75,"column":13}}},"7":{"name":"(anonymous_15)","decl":{"start":{"line":78,"column":48},"end":{"line":78,"column":51}},"loc":{"start":{"line":78,"column":53},"end":{"line":80,"column":13}}},"8":{"name":"(anonymous_16)","decl":{"start":{"line":85,"column":4},"end":{"line":85,"column":8}},"loc":{"start":{"line":85,"column":21},"end":{"line":92,"column":5}}}},"branchMap":{"0":{"loc":{"start":{"line":30,"column":8},"end":{"line":33,"column":9}},"type":"if","locations":[{"start":{"line":30,"column":8},"end":{"line":33,"column":9}}]},"1":{"loc":{"start":{"line":38,"column":8},"end":{"line":40,"column":9}},"type":"if","locations":[{"start":{"line":38,"column":8},"end":{"line":40,"column":9}}]},"2":{"loc":{"start":{"line":38,"column":12},"end":{"line":38,"column":58}},"type":"binary-expr","locations":[{"start":{"line":38,"column":12},"end":{"line":38,"column":29}},{"start":{"line":38,"column":33},"end":{"line":38,"column":58}}]},"3":{"loc":{"start":{"line":43,"column":8},"end":{"line":45,"column":9}},"type":"if","locations":[{"start":{"line":43,"column":8},"end":{"line":45,"column":9}}]},"4":{"loc":{"start":{"line":59,"column":8},"end":{"line":65,"column":9}},"type":"if","locations":[{"start":{"line":59,"column":8},"end":{"line":65,"column":9}},{"start":{"line":61,"column":15},"end":{"line":65,"column":9}}]},"5":{"loc":{"start":{"line":61,"column":15},"end":{"line":65,"column":9}},"type":"if","locations":[{"start":{"line":61,"column":15},"end":{"line":65,"column":9}},{"start":{"line":63,"column":15},"end":{"line":65,"column":9}}]},"6":{"loc":{"start":{"line":63,"column":15},"end":{"line":65,"column":9}},"type":"if","locations":[{"start":{"line":63,"column":15},"end":{"line":65,"column":9}}]},"7":{"loc":{"start":{"line":70,"column":8},"end":{"line":82,"column":9}},"type":"if","locations":[{"start":{"line":70,"column":8},"end":{"line":82,"column":9}},{"start":{"line":77,"column":15},"end":{"line":82,"column":9}}]},"8":{"loc":{"start":{"line":71,"column":25},"end":{"line":71,"column":69}},"type":"binary-expr","locations":[{"start":{"line":71,"column":25},"end":{"line":71,"column":62}},{"start":{"line":71,"column":66},"end":{"line":71,"column":69}}]},"9":{"loc":{"start":{"line":77,"column":15},"end":{"line":82,"column":9}},"type":"if","locations":[{"start":{"line":77,"column":15},"end":{"line":82,"column":9}}]},"10":{"loc":{"start":{"line":86,"column":8},"end":{"line":91,"column":9}},"type":"if","locations":[{"start":{"line":86,"column":8},"end":{"line":91,"column":9}},{"start":{"line":88,"column":15},"end":{"line":91,"column":9}}]},"11":{"loc":{"start":{"line":88,"column":15},"end":{"line":91,"column":9}},"type":"if","locations":[{"start":{"line":88,"column":15},"end":{"line":91,"column":9}}]}},"s":{"0":10,"1":10,"2":10,"3":9,"4":11,"5":10,"6":11,"7":3,"8":3,"9":8,"10":8,"11":1,"12":8,"13":1,"14":8,"15":8,"16":8,"17":10,"18":9,"19":1,"20":1,"21":0,"22":0,"23":0,"24":2,"25":2,"26":2,"27":1,"28":1,"29":2,"30":0,"31":0,"32":0,"33":0,"34":8,"35":8,"36":0,"37":0,"38":0,"39":2},"f":{"0":10,"1":9,"2":11,"3":10,"4":10,"5":2,"6":1,"7":0,"8":8},"b":{"0":[3],"1":[1],"2":[8,1],"3":[1],"4":[9,1],"5":[1,0],"6":[0],"7":[2,0],"8":[2,1],"9":[0],"10":[8,0],"11":[0]}}
,"C:\\lesson_13\\src\\routerInstance.ts": {"path":"C:\\lesson_13\\src\\routerInstance.ts","statementMap":{"0":{"start":{"line":2,"column":0},"end":{"line":2,"column":30}},"1":{"start":{"line":4,"column":15},"end":{"line":4,"column":43}},"2":{"start":{"line":6,"column":0},"end":{"line":6,"column":22}}},"fnMap":{},"branchMap":{},"s":{"0":1,"1":1,"2":1},"f":{},"b":{}}
}
