TN:
SF:src\about.ts
FN:5,(anonymous_1)
FN:10,(anonymous_2)
FNF:2
FNH:2
FNDA:2,(anonymous_1)
FNDA:1,(anonymous_2)
DA:2,1
DA:4,1
DA:6,2
DA:10,2
DA:11,1
DA:16,1
LF:6
LH:6
BRF:0
BRH:0
end_of_record
TN:
SF:src\router.ts
FN:20,(anonymous_7)
FN:24,(anonymous_8)
FN:28,(anonymous_9)
FN:29,(anonymous_11)
FN:58,(anonymous_12)
FN:69,(anonymous_13)
FN:72,(anonymous_14)
FN:78,(anonymous_15)
FN:85,(anonymous_16)
FNF:9
FNH:8
FNDA:10,(anonymous_7)
FNDA:9,(anonymous_8)
FNDA:11,(anonymous_9)
FNDA:10,(anonymous_11)
FNDA:10,(anonymous_12)
FNDA:2,(anonymous_13)
FNDA:1,(anonymous_14)
FNDA:0,(anonymous_15)
FNDA:8,(anonymous_16)
DA:16,10
DA:18,10
DA:21,10
DA:25,9
DA:29,11
DA:30,11
DA:31,3
DA:32,3
DA:35,8
DA:38,8
DA:39,1
DA:43,8
DA:44,1
DA:48,8
DA:51,8
DA:54,8
DA:59,10
DA:60,9
DA:61,1
DA:62,1
DA:63,0
DA:64,0
DA:66,0
DA:70,2
DA:71,2
DA:72,2
DA:73,1
DA:74,1
DA:76,2
DA:77,0
DA:78,0
DA:79,0
DA:81,0
DA:86,8
DA:87,8
DA:88,0
DA:89,0
DA:90,0
DA:95,2
LF:39
LH:29
BRDA:30,0,0,3
BRDA:38,1,0,1
BRDA:38,2,0,8
BRDA:38,2,1,1
BRDA:43,3,0,1
BRDA:59,4,0,9
BRDA:59,4,1,1
BRDA:61,5,0,1
BRDA:61,5,1,0
BRDA:63,6,0,0
BRDA:70,7,0,2
BRDA:70,7,1,0
BRDA:71,8,0,2
BRDA:71,8,1,1
BRDA:77,9,0,0
BRDA:86,10,0,8
BRDA:86,10,1,0
BRDA:88,11,0,0
BRF:18
BRH:12
end_of_record
TN:
SF:src\routerInstance.ts
FNF:0
FNH:0
DA:2,1
DA:4,1
DA:6,1
LF:3
LH:3
BRF:0
BRH:0
end_of_record
