TN:
SF:src\about.ts
FN:5,(anonymous_1)
FN:10,(anonymous_2)
FNF:2
FNH:2
FNDA:2,(anonymous_1)
FNDA:1,(anonymous_2)
DA:2,1
DA:4,1
DA:6,2
DA:10,2
DA:11,1
DA:16,1
LF:6
LH:6
BRF:0
BRH:0
end_of_record
TN:
SF:src\router.ts
FN:22,(anonymous_7)
FN:26,(anonymous_8)
FN:30,(anonymous_9)
FN:31,(anonymous_11)
FN:61,(anonymous_12)
FN:75,(anonymous_13)
FN:78,(anonymous_14)
FN:84,(anonymous_15)
FN:91,(anonymous_16)
FNF:9
FNH:8
FNDA:10,(anonymous_7)
FNDA:9,(anonymous_8)
FNDA:11,(anonymous_9)
FNDA:10,(anonymous_11)
FNDA:10,(anonymous_12)
FNDA:2,(anonymous_13)
FNDA:1,(anonymous_14)
FNDA:0,(anonymous_15)
FNDA:8,(anonymous_16)
DA:18,10
DA:20,10
DA:23,10
DA:27,9
DA:31,11
DA:32,10
DA:34,11
DA:35,3
DA:36,3
DA:39,8
DA:42,8
DA:43,1
DA:47,8
DA:48,1
DA:52,8
DA:55,8
DA:58,8
DA:65,10
DA:66,9
DA:67,1
DA:68,1
DA:69,0
DA:70,0
DA:72,0
DA:76,2
DA:77,2
DA:78,2
DA:79,1
DA:80,1
DA:82,2
DA:83,0
DA:84,0
DA:85,0
DA:87,0
DA:92,8
DA:93,8
DA:94,0
DA:95,0
DA:96,0
DA:101,2
LF:40
LH:30
BRDA:34,0,0,3
BRDA:42,1,0,1
BRDA:42,2,0,8
BRDA:42,2,1,1
BRDA:47,3,0,1
BRDA:65,4,0,9
BRDA:65,4,1,1
BRDA:67,5,0,1
BRDA:67,5,1,0
BRDA:69,6,0,0
BRDA:76,7,0,2
BRDA:76,7,1,0
BRDA:77,8,0,2
BRDA:77,8,1,1
BRDA:83,9,0,0
BRDA:92,10,0,8
BRDA:92,10,1,0
BRDA:94,11,0,0
BRF:18
BRH:12
end_of_record
TN:
SF:src\routerInstance.ts
FNF:0
FNH:0
DA:2,1
DA:4,1
DA:6,1
LF:3
LH:3
BRF:0
BRH:0
end_of_record
